c:\users\matt\documents\visual studio 2013\projects\3d game engine\debug\vc120.pdb
c:\users\matt\documents\visual studio 2013\projects\3d game engine\debug\vc120.idb
c:\users\matt\documents\visual studio 2013\projects\3d game engine\debug\ccamera.obj
c:\users\matt\documents\visual studio 2013\projects\3d game engine\debug\cintrostate.obj
c:\users\matt\documents\visual studio 2013\projects\3d game engine\debug\coregame.obj
c:\users\matt\documents\visual studio 2013\projects\3d game engine\debug\cshader.obj
c:\users\matt\documents\visual studio 2013\projects\3d game engine\debug\cshaderprogram.obj
c:\users\matt\documents\visual studio 2013\projects\3d game engine\debug\ctexture.obj
c:\users\matt\documents\visual studio 2013\projects\3d game engine\debug\cvbo.obj
c:\users\matt\documents\visual studio 2013\projects\3d game engine\debug\globals.obj
c:\users\matt\documents\visual studio 2013\projects\3d game engine\debug\main.obj
c:\users\matt\documents\visual studio 2013\projects\3d game engine\debug\3d game engine.ilk
c:\users\matt\documents\visual studio 2013\projects\3d game engine\debug\3d game engine.exe
c:\users\matt\documents\visual studio 2013\projects\3d game engine\debug\3d game engine.pdb
c:\users\matt\documents\visual studio 2013\projects\3d game engine\debug\3d game engine.tlog\cl.command.1.tlog
c:\users\matt\documents\visual studio 2013\projects\3d game engine\debug\3d game engine.tlog\cl.read.1.tlog
c:\users\matt\documents\visual studio 2013\projects\3d game engine\debug\3d game engine.tlog\cl.write.1.tlog
c:\users\matt\documents\visual studio 2013\projects\3d game engine\debug\3d game engine.tlog\link.command.1.tlog
c:\users\matt\documents\visual studio 2013\projects\3d game engine\debug\3d game engine.tlog\link.read.1.tlog
c:\users\matt\documents\visual studio 2013\projects\3d game engine\debug\3d game engine.tlog\link.write.1.tlog
