Build started 8/15/2014 7:27:45 AM.
     1>Project "C:\Users\Matt\Documents\Visual Studio 2013\Projects\3D Game Engine\3D Game Engine.vcxproj" on node 2 (Rebuild target(s)).
     1>ClCompile:
         C:\Program Files (x86)\Microsoft Visual Studio 12.0\VC\bin\CL.exe /c /ZI /nologo /W3 /WX- /sdl /Od /Oy- /D _MBCS /Gm /EHsc /RTC1 /MD /GS /fp:precise /Zc:wchar_t /Zc:forScope /Fo"Debug\\" /Fd"Debug\vc120.pdb" /Gd /TP /analyze- /errorReport:prompt CCamera.cpp CIntroState.cpp CoreGame.cpp CShader.cpp CShaderProgram.cpp CTexture.cpp CVBO.cpp Globals.cpp Main.cpp
         Main.cpp
         Globals.cpp
         CVBO.cpp
         CTexture.cpp
         CShaderProgram.cpp
         CShader.cpp
         CoreGame.cpp
         CIntroState.cpp
         CCamera.cpp
         Generating Code...
       Link:
         C:\Program Files (x86)\Microsoft Visual Studio 12.0\VC\bin\link.exe /ERRORREPORT:PROMPT /OUT:"C:\Users\Matt\Documents\Visual Studio 2013\Projects\3D Game Engine\Debug\3D Game Engine.exe" /INCREMENTAL /NOLOGO SDL2.lib SDL2main.lib SDL2_image.lib glew32.lib OpenGl32.lib glu32.lib kernel32.lib user32.lib gdi32.lib winspool.lib comdlg32.lib advapi32.lib shell32.lib ole32.lib oleaut32.lib uuid.lib odbc32.lib odbccp32.lib /MANIFEST /MANIFESTUAC:"level='asInvoker' uiAccess='false'" /manifest:embed /DEBUG /PDB:"C:\Users\Matt\Documents\Visual Studio 2013\Projects\3D Game Engine\Debug\3D Game Engine.pdb" /SUBSYSTEM:WINDOWS /TLBID:1 /DYNAMICBASE /NXCOMPAT /IMPLIB:"C:\Users\Matt\Documents\Visual Studio 2013\Projects\3D Game Engine\Debug\3D Game Engine.lib" /MACHINE:X86 Debug\CCamera.obj
         Debug\CIntroState.obj
         Debug\CoreGame.obj
         Debug\CShader.obj
         Debug\CShaderProgram.obj
         Debug\CTexture.obj
         Debug\CVBO.obj
         Debug\Globals.obj
         Debug\Main.obj
         3D Game Engine.vcxproj -> C:\Users\Matt\Documents\Visual Studio 2013\Projects\3D Game Engine\Debug\3D Game Engine.exe
     1>Done Building Project "C:\Users\Matt\Documents\Visual Studio 2013\Projects\3D Game Engine\3D Game Engine.vcxproj" (Rebuild target(s)).

Build succeeded.

Time Elapsed 00:00:07.23
